# JRE version: Java(TM) SE Runtime Environment (8.0_241-b07) (build 1.8.0_241-b07)
# Java VM: Java HotSpot(TM) 64-Bit Server VM (25.241-b07 mixed mode windows-amd64 compressed oops)
Heap:
 PSYoungGen      total 76288K, used 9458K [0x000000076b400000, 0x0000000770900000, 0x00000007c0000000)
  eden space 65536K, 0% used [0x000000076b400000,0x000000076b400000,0x000000076f400000)
  from space 10752K, 87% used [0x000000076fe80000,0x00000007707bcac0,0x0000000770900000)
  to   space 10752K, 0% used [0x000000076f400000,0x000000076f400000,0x000000076fe80000)
 ParOldGen       total 175104K, used 8929K [0x00000006c1c00000, 0x00000006cc700000, 0x000000076b400000)
  object space 175104K, 5% used [0x00000006c1c00000,0x00000006c24b8650,0x00000006cc700000)
 Metaspace       used 20324K, capacity 21292K, committed 21296K, reserved 1067008K
  class space    used 2878K, capacity 3116K, committed 3120K, reserved 1048576K
GC Heap History (5 events):
Event: 5.072 GC heap before
{Heap before GC invocations=1 (full 0):
 PSYoungGen      total 76288K, used 65536K [0x000000076b400000, 0x0000000770900000, 0x00000007c0000000)
  eden space 65536K, 100% used [0x000000076b400000,0x000000076f400000,0x000000076f400000)
  from space 10752K, 0% used [0x000000076fe80000,0x000000076fe80000,0x0000000770900000)
  to   space 10752K, 0% used [0x000000076f400000,0x000000076f400000,0x000000076fe80000)
 ParOldGen       total 175104K, used 0K [0x00000006c1c00000, 0x00000006cc700000, 0x000000076b400000)
  object space 175104K, 0% used [0x00000006c1c00000,0x00000006c1c00000,0x00000006cc700000)
 Metaspace       used 19431K, capacity 20354K, committed 20480K, reserved 1067008K
  class space    used 2795K, capacity 3033K, committed 3072K, reserved 1048576K
Event: 5.083 GC heap after
Heap after GC invocations=1 (full 0):
 PSYoungGen      total 76288K, used 10736K [0x000000076b400000, 0x0000000770900000, 0x00000007c0000000)
  eden space 65536K, 0% used [0x000000076b400000,0x000000076b400000,0x000000076f400000)
  from space 10752K, 99% used [0x000000076f400000,0x000000076fe7c080,0x000000076fe80000)
  to   space 10752K, 0% used [0x000000076fe80000,0x000000076fe80000,0x0000000770900000)
 ParOldGen       total 175104K, used 8921K [0x00000006c1c00000, 0x00000006cc700000, 0x000000076b400000)
  object space 175104K, 5% used [0x00000006c1c00000,0x00000006c24b6650,0x00000006cc700000)
 Metaspace       used 19431K, capacity 20354K, committed 20480K, reserved 1067008K
  class space    used 2795K, capacity 3033K, committed 3072K, reserved 1048576K
}
Event: 6.696 GC heap before
{Heap before GC invocations=2 (full 0):
 PSYoungGen      total 76288K, used 18724K [0x000000076b400000, 0x0000000770900000, 0x00000007c0000000)
  eden space 65536K, 12% used [0x000000076b400000,0x000000076bbcd268,0x000000076f400000)
  from space 10752K, 99% used [0x000000076f400000,0x000000076fe7c080,0x000000076fe80000)
  to   space 10752K, 0% used [0x000000076fe80000,0x000000076fe80000,0x0000000770900000)
 ParOldGen       total 175104K, used 8921K [0x00000006c1c00000, 0x00000006cc700000, 0x000000076b400000)
  object space 175104K, 5% used [0x00000006c1c00000,0x00000006c24b6650,0x00000006cc700000)
 Metaspace       used 20324K, capacity 21292K, committed 21296K, reserved 1067008K
  class space    used 2878K, capacity 3116K, committed 3120K, reserved 1048576K
Event: 6.703 GC heap after
Heap after GC invocations=2 (full 0):
 PSYoungGen      total 76288K, used 9458K [0x000000076b400000, 0x0000000770900000, 0x00000007c0000000)
  eden space 65536K, 0% used [0x000000076b400000,0x000000076b400000,0x000000076f400000)
  from space 10752K, 87% used [0x000000076fe80000,0x00000007707bcac0,0x0000000770900000)
  to   space 10752K, 0% used [0x000000076f400000,0x000000076f400000,0x000000076fe80000)
 ParOldGen       total 175104K, used 8929K [0x00000006c1c00000, 0x00000006cc700000, 0x000000076b400000)
  object space 175104K, 5% used [0x00000006c1c00000,0x00000006c24b8650,0x00000006cc700000)
 Metaspace       used 20324K, capacity 21292K, committed 21296K, reserved 1067008K
  class space    used 2878K, capacity 3116K, committed 3120K, reserved 1048576K
}
Event: 6.703 GC heap before
{Heap before GC invocations=3 (full 1):
 PSYoungGen      total 76288K, used 9458K [0x000000076b400000, 0x0000000770900000, 0x00000007c0000000)
  eden space 65536K, 0% used [0x000000076b400000,0x000000076b400000,0x000000076f400000)
  from space 10752K, 87% used [0x000000076fe80000,0x00000007707bcac0,0x0000000770900000)
  to   space 10752K, 0% used [0x000000076f400000,0x000000076f400000,0x000000076fe80000)
 ParOldGen       total 175104K, used 8929K [0x00000006c1c00000, 0x00000006cc700000, 0x000000076b400000)
  object space 175104K, 5% used [0x00000006c1c00000,0x00000006c24b8650,0x00000006cc700000)
 Metaspace       used 20324K, capacity 21292K, committed 21296K, reserved 1067008K
  class space    used 2878K, capacity 3116K, committed 3120K, reserved 1048576K

